Arguments: 
  /Users/daniela/.nvm/versions/node/v16.17.0/bin/node /Users/daniela/.nvm/versions/node/v16.17.0/bin/yarn

PATH: 
  /Users/daniela/.nvm/versions/node/v16.17.0/bin:/opt/homebrew/bin:/opt/homebrew/sbin:/usr/local/bin:/usr/bin:/bin:/usr/sbin:/sbin:/Users/daniela/.nvm/versions/node/v16.17.0/bin:/opt/homebrew/bin:/opt/homebrew/sbin

Yarn version: 
  1.22.19

Node version: 
  16.17.0

Platform: 
  darwin arm64

Trace: 
  SyntaxError: /Users/daniela/Projects/lifi-subgraph/feeCollectorContract/package.json: Unexpected token } in JSON at position 943
      at JSON.parse (<anonymous>)
      at /Users/daniela/.nvm/versions/node/v16.17.0/lib/node_modules/yarn/lib/cli.js:1629:59
      at Generator.next (<anonymous>)
      at step (/Users/daniela/.nvm/versions/node/v16.17.0/lib/node_modules/yarn/lib/cli.js:310:30)
      at /Users/daniela/.nvm/versions/node/v16.17.0/lib/node_modules/yarn/lib/cli.js:321:13

npm manifest: 
  {
    "name": "lifi-graph",
    "license": "UNLICENSED",
    "scripts": {
      "prepare": "mustache config/develop.json subgraph.template.yaml > subgraph.yaml",
      "codegen": "graph codegen",
      "build": "graph build",
      "deploy": "graph deploy  --product hosted-service lifinance/lifi-develop",
      "develop": "yarn prepare && yarn codegen && yarn build && yarn deploy",
      "test": "graph test lifi",
  
      "create-local": "graph create --node http://localhost:8020/ lifinance/lifi-develop",
      "remove-local": "graph remove --node http://localhost:8020/ lifinance/lifi-develop",
      "deploy-local": "graph deploy --node http://localhost:8020/ --ipfs http://localhost:5001 lifinance/lifi-develop",
  
      "prepare:pol": "mustache config/pol.prod.json subgraph.template.yaml > subgraph.yaml",
  
      "deploy:pol": "yarn prepare:pol && graph deploy --node https://api.thegraph.com/deploy/ --ipfs https://api.thegraph.com/ipfs/ lifinance/lifi-pol",
    },
    "dependencies": {
      "@graphprotocol/graph-cli": "0.26.0",
      "@graphprotocol/graph-ts": "0.24.1",
      "matchstick-as": "0.3.0",
      "mustache": "^4.2.0"
    }
  }

yarn manifest: 
  No manifest

Lockfile: 
  No lockfile
